<?xml version="1.0" encoding="UTF-8"?>
<!-- Generated by org.testng.reporters.JUnitReportReporter -->
<testsuite hostname="BLUEAVES-3" failures="0" tests="2" name="EDPUPatientRegestration.EdpupatientRegistrationPage" time="59.109" errors="0" timestamp="2023-10-16T15:47:28 IST" skipped="0">
  <testcase classname="EDPUPatientRegestration.EdpupatientRegistrationPage" name="PatientRegistrationValidations" time="38.305"/>
  <system-out/>
  <testcase classname="EDPUPatientRegestration.EdpupatientRegistrationPage" name="sucessfullpatienRegistration" time="20.804"/>
  <system-out/>
</testsuite> <!-- EDPUPatientRegestration.EdpupatientRegistrationPage -->
