<?xml version="1.0" encoding="UTF-8"?>
<!-- Generated by org.testng.reporters.JUnitReportReporter -->
<testsuite hostname="BLUEAVES-3" failures="0" tests="8" name="Edpuloginpage.EdpuLoginPageTestcases" time="94.372" errors="0" timestamp="2024-05-02T14:56:35 IST" skipped="0">
  <testcase classname="Edpuloginpage.EdpuLoginPageTestcases" name="ValidatetheFiledsOnLoginPage" time="5.358"/>
  <system-out/>
  <testcase classname="Edpuloginpage.EdpuLoginPageTestcases" name="WithEnteringValidEmailIdAndWithoutEnterPassword" time="11.181"/>
  <system-out/>
  <testcase classname="Edpuloginpage.EdpuLoginPageTestcases" name="WithoutEnterEmailIdAndWithEnterPassword" time="9.128"/>
  <system-out/>
  <testcase classname="Edpuloginpage.EdpuLoginPageTestcases" name="UnRegisteredEmailidandPassword" time="17.299"/>
  <system-out/>
  <testcase classname="Edpuloginpage.EdpuLoginPageTestcases" name="EnterValidEmailidAndInvalidpassword" time="13.696"/>
  <system-out/>
  <testcase classname="Edpuloginpage.EdpuLoginPageTestcases" name="EnterInValidEmailidAndvalidpassword" time="13.823"/>
  <system-out/>
  <testcase classname="Edpuloginpage.EdpuLoginPageTestcases" name="WithoutEnteringEmailandPassword" time="9.157"/>
  <system-out/>
  <testcase classname="Edpuloginpage.EdpuLoginPageTestcases" name="ValidAccountmailAndValidpassword" time="14.730"/>
  <system-out/>
</testsuite> <!-- Edpuloginpage.EdpuLoginPageTestcases -->
